[ 2015-04-03T12:29:28+08:00 ] 127.0.0.1 /workroom/index.php/Home/Introduce/js/introduce.json
INFO: [ app_begin ] --START--
INFO: Run Behavior\ReadHtmlCacheBehavior [ RunTime:0.000785s ]
INFO: [ app_begin ] --END-- [ RunTime:0.001219s ]
ERR: 非法操作:js

[ 2015-04-03T12:29:37+08:00 ] 127.0.0.1 /workroom/index.php/Home/Introduce/js/introduce.json
INFO: [ app_begin ] --START--
INFO: Run Behavior\ReadHtmlCacheBehavior [ RunTime:0.001100s ]
INFO: [ app_begin ] --END-- [ RunTime:0.001568s ]
ERR: 非法操作:js

[ 2015-04-03T12:29:47+08:00 ] 127.0.0.1 /workroom/index.php/Home/Introduce/js/introduce.json
INFO: [ app_begin ] --START--
INFO: Run Behavior\ReadHtmlCacheBehavior [ RunTime:0.000760s ]
INFO: [ app_begin ] --END-- [ RunTime:0.001201s ]
ERR: 非法操作:js

[ 2015-04-03T12:31:02+08:00 ] 127.0.0.1 /workroom/index.php/Home/Introduce/js/introduce.json
INFO: [ app_begin ] --START--
INFO: Run Behavior\ReadHtmlCacheBehavior [ RunTime:0.001072s ]
INFO: [ app_begin ] --END-- [ RunTime:0.001659s ]
ERR: 非法操作:js

[ 2015-04-03T12:32:37+08:00 ] 127.0.0.1 /workroom/index.php/Home/Introduce/js/introduce.json
INFO: [ app_begin ] --START--
INFO: Run Behavior\ReadHtmlCacheBehavior [ RunTime:0.000693s ]
INFO: [ app_begin ] --END-- [ RunTime:0.001088s ]
ERR: 非法操作:js

[ 2015-04-03T12:32:44+08:00 ] 127.0.0.1 /workroom/index.php/Home/Introduce/js/introduce.json
INFO: [ app_begin ] --START--
INFO: Run Behavior\ReadHtmlCacheBehavior [ RunTime:0.000706s ]
INFO: [ app_begin ] --END-- [ RunTime:0.001261s ]
ERR: 非法操作:js

[ 2015-04-03T12:33:20+08:00 ] 127.0.0.1 /workroom/index.php/Home/Introduce/js/introduce.json
INFO: [ app_begin ] --START--
INFO: Run Behavior\ReadHtmlCacheBehavior [ RunTime:0.000604s ]
INFO: [ app_begin ] --END-- [ RunTime:0.001025s ]
ERR: 非法操作:js

[ 2015-04-03T12:33:24+08:00 ] 127.0.0.1 /workroom/index.php/Home/Introduce/js/introduce.json
INFO: [ app_begin ] --START--
INFO: Run Behavior\ReadHtmlCacheBehavior [ RunTime:0.000631s ]
INFO: [ app_begin ] --END-- [ RunTime:0.001105s ]
ERR: 非法操作:js

[ 2015-04-03T12:33:30+08:00 ] 127.0.0.1 /workroom/index.php/Home/Introduce/js/introduce.json
INFO: [ app_begin ] --START--
INFO: Run Behavior\ReadHtmlCacheBehavior [ RunTime:0.000577s ]
INFO: [ app_begin ] --END-- [ RunTime:0.000955s ]
ERR: 非法操作:js

[ 2015-04-03T12:35:22+08:00 ] 127.0.0.1 /workroom/index.php/Home/Introduce/js/introduce.json
INFO: [ app_begin ] --START--
INFO: Run Behavior\ReadHtmlCacheBehavior [ RunTime:0.000592s ]
INFO: [ app_begin ] --END-- [ RunTime:0.000948s ]
ERR: 非法操作:js

[ 2015-04-03T12:35:23+08:00 ] 127.0.0.1 /workroom/index.php/Home/Introduce/js/introduce.json
INFO: [ app_begin ] --START--
INFO: Run Behavior\ReadHtmlCacheBehavior [ RunTime:0.000597s ]
INFO: [ app_begin ] --END-- [ RunTime:0.001003s ]
ERR: 非法操作:js

[ 2015-04-03T12:36:19+08:00 ] 127.0.0.1 /workroom/index.php/Home/Introduce/js/introduce.json
INFO: [ app_begin ] --START--
INFO: Run Behavior\ReadHtmlCacheBehavior [ RunTime:0.000663s ]
INFO: [ app_begin ] --END-- [ RunTime:0.001019s ]
ERR: 非法操作:js

[ 2015-04-03T12:36:20+08:00 ] 127.0.0.1 /workroom/index.php/Home/Introduce/js/introduce.json
INFO: [ app_begin ] --START--
INFO: Run Behavior\ReadHtmlCacheBehavior [ RunTime:0.000670s ]
INFO: [ app_begin ] --END-- [ RunTime:0.001024s ]
ERR: 非法操作:js

[ 2015-04-03T12:36:21+08:00 ] 127.0.0.1 /workroom/index.php/Home/Introduce/js/introduce.json
INFO: [ app_begin ] --START--
INFO: Run Behavior\ReadHtmlCacheBehavior [ RunTime:0.000786s ]
INFO: [ app_begin ] --END-- [ RunTime:0.001259s ]
ERR: 非法操作:js

[ 2015-04-03T12:36:25+08:00 ] 127.0.0.1 /workroom/index.php/Home/Introduce/js/introduce.json
INFO: [ app_begin ] --START--
INFO: Run Behavior\ReadHtmlCacheBehavior [ RunTime:0.000682s ]
INFO: [ app_begin ] --END-- [ RunTime:0.001056s ]
ERR: 非法操作:js

[ 2015-04-03T14:07:21+08:00 ] 127.0.0.1 /workroom/index.php/Home/Introduce/js/introduce.json
INFO: [ app_begin ] --START--
INFO: Run Behavior\ReadHtmlCacheBehavior [ RunTime:0.000710s ]
INFO: [ app_begin ] --END-- [ RunTime:0.001090s ]
ERR: 非法操作:js

[ 2015-04-03T14:09:56+08:00 ] 127.0.0.1 /workroom/index.php/Home/Introduce/js/introduce.json
INFO: [ app_begin ] --START--
INFO: Run Behavior\ReadHtmlCacheBehavior [ RunTime:0.000604s ]
INFO: [ app_begin ] --END-- [ RunTime:0.000998s ]
ERR: 非法操作:js

[ 2015-04-03T14:18:59+08:00 ] 127.0.0.1 /workroom/index.php/Home/Introduce/js/introduce.json
INFO: [ app_begin ] --START--
INFO: Run Behavior\ReadHtmlCacheBehavior [ RunTime:0.001206s ]
INFO: [ app_begin ] --END-- [ RunTime:0.001945s ]
ERR: 非法操作:js

[ 2015-04-03T14:19:36+08:00 ] 127.0.0.1 /workroom/index.php/Home/Introduce/js/introduce.json
INFO: [ app_begin ] --START--
INFO: Run Behavior\ReadHtmlCacheBehavior [ RunTime:0.000915s ]
INFO: [ app_begin ] --END-- [ RunTime:0.001437s ]
ERR: 非法操作:js

[ 2015-04-03T14:20:55+08:00 ] 127.0.0.1 /workroom/index.php/Home/Introduce/js/introduce.json
INFO: [ app_begin ] --START--
INFO: Run Behavior\ReadHtmlCacheBehavior [ RunTime:0.000825s ]
INFO: [ app_begin ] --END-- [ RunTime:0.001233s ]
ERR: 非法操作:js

[ 2015-04-03T14:21:14+08:00 ] 127.0.0.1 /workroom/index.php/Home/Introduce/js/introduce.json
INFO: [ app_begin ] --START--
INFO: Run Behavior\ReadHtmlCacheBehavior [ RunTime:0.000749s ]
INFO: [ app_begin ] --END-- [ RunTime:0.001140s ]
ERR: 非法操作:js

[ 2015-04-03T14:36:49+08:00 ] 127.0.0.1 /workroom/index.php/Home/Introduce/index/study_find/js/introduce.json
INFO: [ app_begin ] --START--
INFO: Run Behavior\ReadHtmlCacheBehavior [ RunTime:0.000841s ]
INFO: [ app_begin ] --END-- [ RunTime:0.001318s ]
SQL: SHOW COLUMNS FROM `workroom_view_introduce` [ RunTime:0.003531s ]
SQL: SELECT * FROM `workroom_view_introduce` WHERE ( study like '%js%' )  [ RunTime:0.000603s ]
NOTIC: [2] Invalid argument supplied for foreach() D:\myphpwork\wamp\www\workroom\Workroom\Home\Controller\IntroduceController.class.php 第 33 行.
NOTIC: [8] Undefined variable: pageSize D:\myphpwork\wamp\www\workroom\Workroom\Home\Controller\IntroduceController.class.php 第 39 行.
NOTIC: [8] Undefined variable: rowCount D:\myphpwork\wamp\www\workroom\Workroom\Home\Controller\IntroduceController.class.php 第 39 行.
NOTIC: [2] Division by zero D:\myphpwork\wamp\www\workroom\Workroom\Home\Controller\IntroduceController.class.php 第 39 行.
INFO: [ view_parse ] --START--
INFO: [ template_filter ] --START--
INFO: Run Behavior\ContentReplaceBehavior [ RunTime:0.000117s ]
INFO: [ template_filter ] --END-- [ RunTime:0.000220s ]
NOTIC: [8] Undefined variable: a D:\myphpwork\wamp\www\workroom\Workroom\Runtime\Cache\Home\7324436910f2deb17c674d6ce68fe219.php 第 52 行.
NOTIC: [8] Undefined variable: workroom_msg D:\myphpwork\wamp\www\workroom\Workroom\Runtime\Cache\Home\7324436910f2deb17c674d6ce68fe219.php 第 54 行.
INFO: Run Behavior\ParseTemplateBehavior [ RunTime:0.012486s ]
INFO: [ view_parse ] --END-- [ RunTime:0.012590s ]
INFO: [ view_filter ] --START--
INFO: Run Behavior\WriteHtmlCacheBehavior [ RunTime:0.000500s ]
INFO: [ view_filter ] --END-- [ RunTime:0.000588s ]
INFO: [ app_end ] --START--
INFO: Run Behavior\ShowPageTraceBehavior [ RunTime:0.000707s ]
INFO: [ app_end ] --END-- [ RunTime:0.000797s ]

[ 2015-04-03T14:36:50+08:00 ] 127.0.0.1 /workroom/index.php/Home/Introduce/index/study_find/js/introduce.json
INFO: [ app_begin ] --START--
INFO: Run Behavior\ReadHtmlCacheBehavior [ RunTime:0.001205s ]
INFO: [ app_begin ] --END-- [ RunTime:0.001878s ]
SQL: SHOW COLUMNS FROM `workroom_view_introduce` [ RunTime:0.007036s ]
SQL: SELECT * FROM `workroom_view_introduce` WHERE ( study like '%js%' )  [ RunTime:0.000898s ]
NOTIC: [2] Invalid argument supplied for foreach() D:\myphpwork\wamp\www\workroom\Workroom\Home\Controller\IntroduceController.class.php 第 33 行.
NOTIC: [8] Undefined variable: pageSize D:\myphpwork\wamp\www\workroom\Workroom\Home\Controller\IntroduceController.class.php 第 39 行.
NOTIC: [8] Undefined variable: rowCount D:\myphpwork\wamp\www\workroom\Workroom\Home\Controller\IntroduceController.class.php 第 39 行.
NOTIC: [2] Division by zero D:\myphpwork\wamp\www\workroom\Workroom\Home\Controller\IntroduceController.class.php 第 39 行.
INFO: [ view_parse ] --START--
INFO: [ template_filter ] --START--
INFO: Run Behavior\ContentReplaceBehavior [ RunTime:0.000102s ]
INFO: [ template_filter ] --END-- [ RunTime:0.000218s ]
NOTIC: [8] Undefined variable: a D:\myphpwork\wamp\www\workroom\Workroom\Runtime\Cache\Home\7324436910f2deb17c674d6ce68fe219.php 第 52 行.
NOTIC: [8] Undefined variable: workroom_msg D:\myphpwork\wamp\www\workroom\Workroom\Runtime\Cache\Home\7324436910f2deb17c674d6ce68fe219.php 第 54 行.
INFO: Run Behavior\ParseTemplateBehavior [ RunTime:0.019011s ]
INFO: [ view_parse ] --END-- [ RunTime:0.019158s ]
INFO: [ view_filter ] --START--
INFO: Run Behavior\WriteHtmlCacheBehavior [ RunTime:0.000776s ]
INFO: [ view_filter ] --END-- [ RunTime:0.000907s ]
INFO: [ app_end ] --START--
INFO: Run Behavior\ShowPageTraceBehavior [ RunTime:0.001107s ]
INFO: [ app_end ] --END-- [ RunTime:0.001281s ]

[ 2015-04-03T14:36:58+08:00 ] 127.0.0.1 /workroom/index.php/Home/Introduce/index/study_find/js/introduce.json
INFO: [ app_begin ] --START--
INFO: Run Behavior\ReadHtmlCacheBehavior [ RunTime:0.000797s ]
INFO: [ app_begin ] --END-- [ RunTime:0.001246s ]
SQL: SHOW COLUMNS FROM `workroom_view_introduce` [ RunTime:0.006456s ]
SQL: SELECT * FROM `workroom_view_introduce` WHERE ( study like '%js%' )  [ RunTime:0.000889s ]
NOTIC: [2] Invalid argument supplied for foreach() D:\myphpwork\wamp\www\workroom\Workroom\Home\Controller\IntroduceController.class.php 第 33 行.
NOTIC: [8] Undefined variable: pageSize D:\myphpwork\wamp\www\workroom\Workroom\Home\Controller\IntroduceController.class.php 第 39 行.
NOTIC: [8] Undefined variable: rowCount D:\myphpwork\wamp\www\workroom\Workroom\Home\Controller\IntroduceController.class.php 第 39 行.
NOTIC: [2] Division by zero D:\myphpwork\wamp\www\workroom\Workroom\Home\Controller\IntroduceController.class.php 第 39 行.
INFO: [ view_parse ] --START--
INFO: [ template_filter ] --START--
INFO: Run Behavior\ContentReplaceBehavior [ RunTime:0.000099s ]
INFO: [ template_filter ] --END-- [ RunTime:0.000206s ]
NOTIC: [8] Undefined variable: a D:\myphpwork\wamp\www\workroom\Workroom\Runtime\Cache\Home\7324436910f2deb17c674d6ce68fe219.php 第 52 行.
NOTIC: [8] Undefined variable: workroom_msg D:\myphpwork\wamp\www\workroom\Workroom\Runtime\Cache\Home\7324436910f2deb17c674d6ce68fe219.php 第 54 行.
INFO: Run Behavior\ParseTemplateBehavior [ RunTime:0.012590s ]
INFO: [ view_parse ] --END-- [ RunTime:0.012697s ]
INFO: [ view_filter ] --START--
INFO: Run Behavior\WriteHtmlCacheBehavior [ RunTime:0.000507s ]
INFO: [ view_filter ] --END-- [ RunTime:0.000593s ]
INFO: [ app_end ] --START--
INFO: Run Behavior\ShowPageTraceBehavior [ RunTime:0.000737s ]
INFO: [ app_end ] --END-- [ RunTime:0.000956s ]

[ 2015-04-03T20:14:13+08:00 ] 10.205.114.44 /workroom/index.php/Home/Notice/detail/id/6
ERR: 非法操作:detail

[ 2015-04-03T20:14:40+08:00 ] 10.205.114.44 /workroom/index.php/Home/Introduce/js/introduce.json
INFO: [ app_begin ] --START--
INFO: Run Behavior\ReadHtmlCacheBehavior [ RunTime:0.001208s ]
INFO: [ app_begin ] --END-- [ RunTime:0.002066s ]
ERR: 非法操作:js

[ 2015-04-03T20:14:56+08:00 ] 10.205.114.44 /workroom/index.php/Home/Introduce/js/introduce.json
INFO: [ app_begin ] --START--
INFO: Run Behavior\ReadHtmlCacheBehavior [ RunTime:0.000553s ]
INFO: [ app_begin ] --END-- [ RunTime:0.001037s ]
ERR: 非法操作:js

[ 2015-04-03T20:15:03+08:00 ] 10.205.114.44 /workroom/index.php/Home/Introduce/js/introduce.json
INFO: [ app_begin ] --START--
INFO: Run Behavior\ReadHtmlCacheBehavior [ RunTime:0.000718s ]
INFO: [ app_begin ] --END-- [ RunTime:0.001569s ]
ERR: 非法操作:js

[ 2015-04-03T20:15:06+08:00 ] 10.205.114.44 /workroom/index.php/Home/Introduce/js/introduce.json
INFO: [ app_begin ] --START--
INFO: Run Behavior\ReadHtmlCacheBehavior [ RunTime:0.001065s ]
INFO: [ app_begin ] --END-- [ RunTime:0.001982s ]
ERR: 非法操作:js

[ 2015-04-03T20:20:17+08:00 ] 10.205.114.44 /workroom/index.php/Home/Notice/detail/id/5
ERR: 非法操作:detail

[ 2015-04-03T20:20:37+08:00 ] 10.205.114.44 /workroom/index.php/Home/Notice/detail/id/6
ERR: 非法操作:detail

[ 2015-04-03T20:28:27+08:00 ] 10.142.21.26 /workroom/index.php/Home/Notice/detail/id/4
ERR: 非法操作:detail

[ 2015-04-03T20:33:20+08:00 ] 10.205.114.44 /workroom/index.php/Home/Introduce/js/introduce.json
INFO: [ app_begin ] --START--
INFO: Run Behavior\ReadHtmlCacheBehavior [ RunTime:0.000410s ]
INFO: [ app_begin ] --END-- [ RunTime:0.000734s ]
ERR: 非法操作:js

