[ 2015-04-15T13:08:12+08:00 ] 127.0.0.1 /workroom/index.php/Home/Introduce/index/study_find/js/introduce.json
INFO: [ app_begin ] --START--
INFO: Run Behavior\ReadHtmlCacheBehavior [ RunTime:0.001137s ]
INFO: [ app_begin ] --END-- [ RunTime:0.031510s ]
SQL: SHOW COLUMNS FROM `workroom_view_introduce` [ RunTime:0.008642s ]
SQL: SELECT * FROM `workroom_view_introduce` WHERE ( study like '%js%' )  [ RunTime:0.001923s ]
NOTIC: [2] Invalid argument supplied for foreach() F:\wamp\www\workroom\Workroom\Home\Controller\IntroduceController.class.php 第 33 行.
NOTIC: [8] Undefined variable: pageSize F:\wamp\www\workroom\Workroom\Home\Controller\IntroduceController.class.php 第 39 行.
NOTIC: [8] Undefined variable: rowCount F:\wamp\www\workroom\Workroom\Home\Controller\IntroduceController.class.php 第 39 行.
NOTIC: [2] Division by zero F:\wamp\www\workroom\Workroom\Home\Controller\IntroduceController.class.php 第 39 行.
INFO: [ view_parse ] --START--
INFO: [ template_filter ] --START--
INFO: Run Behavior\ContentReplaceBehavior [ RunTime:0.000139s ]
INFO: [ template_filter ] --END-- [ RunTime:0.000291s ]
NOTIC: [8] Undefined variable: a F:\wamp\www\workroom\Workroom\Runtime\Cache\Home\7324436910f2deb17c674d6ce68fe219.php 第 52 行.
NOTIC: [8] Undefined variable: workroom_msg F:\wamp\www\workroom\Workroom\Runtime\Cache\Home\7324436910f2deb17c674d6ce68fe219.php 第 54 行.
INFO: Run Behavior\ParseTemplateBehavior [ RunTime:0.018113s ]
INFO: [ view_parse ] --END-- [ RunTime:0.018281s ]
INFO: [ view_filter ] --START--
INFO: Run Behavior\WriteHtmlCacheBehavior [ RunTime:0.000401s ]
INFO: [ view_filter ] --END-- [ RunTime:0.000533s ]
INFO: [ app_end ] --START--
INFO: Run Behavior\ShowPageTraceBehavior [ RunTime:0.000824s ]
INFO: [ app_end ] --END-- [ RunTime:0.000993s ]

[ 2015-04-15T13:08:13+08:00 ] 127.0.0.1 /workroom/index.php/Home/Introduce/index/study_find/js/introduce.json
INFO: [ app_begin ] --START--
INFO: Run Behavior\ReadHtmlCacheBehavior [ RunTime:0.000864s ]
INFO: [ app_begin ] --END-- [ RunTime:0.031302s ]
SQL: SHOW COLUMNS FROM `workroom_view_introduce` [ RunTime:0.007528s ]
SQL: SELECT * FROM `workroom_view_introduce` WHERE ( study like '%js%' )  [ RunTime:0.001235s ]
NOTIC: [2] Invalid argument supplied for foreach() F:\wamp\www\workroom\Workroom\Home\Controller\IntroduceController.class.php 第 33 行.
NOTIC: [8] Undefined variable: pageSize F:\wamp\www\workroom\Workroom\Home\Controller\IntroduceController.class.php 第 39 行.
NOTIC: [8] Undefined variable: rowCount F:\wamp\www\workroom\Workroom\Home\Controller\IntroduceController.class.php 第 39 行.
NOTIC: [2] Division by zero F:\wamp\www\workroom\Workroom\Home\Controller\IntroduceController.class.php 第 39 行.
INFO: [ view_parse ] --START--
INFO: [ template_filter ] --START--
INFO: Run Behavior\ContentReplaceBehavior [ RunTime:0.000140s ]
INFO: [ template_filter ] --END-- [ RunTime:0.000297s ]
NOTIC: [8] Undefined variable: a F:\wamp\www\workroom\Workroom\Runtime\Cache\Home\7324436910f2deb17c674d6ce68fe219.php 第 52 行.
NOTIC: [8] Undefined variable: workroom_msg F:\wamp\www\workroom\Workroom\Runtime\Cache\Home\7324436910f2deb17c674d6ce68fe219.php 第 54 行.
INFO: Run Behavior\ParseTemplateBehavior [ RunTime:0.017319s ]
INFO: [ view_parse ] --END-- [ RunTime:0.017466s ]
INFO: [ view_filter ] --START--
INFO: Run Behavior\WriteHtmlCacheBehavior [ RunTime:0.000360s ]
INFO: [ view_filter ] --END-- [ RunTime:0.000484s ]
INFO: [ app_end ] --START--
INFO: Run Behavior\ShowPageTraceBehavior [ RunTime:0.000708s ]
INFO: [ app_end ] --END-- [ RunTime:0.000845s ]

[ 2015-04-15T13:08:17+08:00 ] 127.0.0.1 /workroom/index.php/Home/Introduce/index/study_find/js/introduce.json
INFO: [ app_begin ] --START--
INFO: Run Behavior\ReadHtmlCacheBehavior [ RunTime:0.000870s ]
INFO: [ app_begin ] --END-- [ RunTime:0.001900s ]
SQL: SHOW COLUMNS FROM `workroom_view_introduce` [ RunTime:0.011638s ]
SQL: SELECT * FROM `workroom_view_introduce` WHERE ( study like '%js%' )  [ RunTime:0.002002s ]
NOTIC: [2] Invalid argument supplied for foreach() F:\wamp\www\workroom\Workroom\Home\Controller\IntroduceController.class.php 第 33 行.
NOTIC: [8] Undefined variable: pageSize F:\wamp\www\workroom\Workroom\Home\Controller\IntroduceController.class.php 第 39 行.
NOTIC: [8] Undefined variable: rowCount F:\wamp\www\workroom\Workroom\Home\Controller\IntroduceController.class.php 第 39 行.
NOTIC: [2] Division by zero F:\wamp\www\workroom\Workroom\Home\Controller\IntroduceController.class.php 第 39 行.
INFO: [ view_parse ] --START--
INFO: [ template_filter ] --START--
INFO: Run Behavior\ContentReplaceBehavior [ RunTime:0.000140s ]
INFO: [ template_filter ] --END-- [ RunTime:0.000300s ]
NOTIC: [8] Undefined variable: a F:\wamp\www\workroom\Workroom\Runtime\Cache\Home\7324436910f2deb17c674d6ce68fe219.php 第 52 行.
NOTIC: [8] Undefined variable: workroom_msg F:\wamp\www\workroom\Workroom\Runtime\Cache\Home\7324436910f2deb17c674d6ce68fe219.php 第 54 行.
INFO: Run Behavior\ParseTemplateBehavior [ RunTime:0.019087s ]
INFO: [ view_parse ] --END-- [ RunTime:0.019311s ]
INFO: [ view_filter ] --START--
INFO: Run Behavior\WriteHtmlCacheBehavior [ RunTime:0.002426s ]
INFO: [ view_filter ] --END-- [ RunTime:0.002642s ]
INFO: [ app_end ] --START--
INFO: Run Behavior\ShowPageTraceBehavior [ RunTime:0.001745s ]
INFO: [ app_end ] --END-- [ RunTime:0.002110s ]

[ 2015-04-15T13:09:16+08:00 ] 127.0.0.1 /workroom/index.php/Home/Introduce/index/study_find/js/introduce.json
INFO: [ app_begin ] --START--
INFO: Run Behavior\ReadHtmlCacheBehavior [ RunTime:0.000642s ]
INFO: [ app_begin ] --END-- [ RunTime:0.001183s ]
SQL: SHOW COLUMNS FROM `workroom_view_introduce` [ RunTime:0.007086s ]
SQL: SELECT * FROM `workroom_view_introduce` WHERE ( study like '%js%' )  [ RunTime:0.000894s ]
NOTIC: [2] Invalid argument supplied for foreach() F:\wamp\www\workroom\Workroom\Home\Controller\IntroduceController.class.php 第 33 行.
NOTIC: [8] Undefined variable: pageSize F:\wamp\www\workroom\Workroom\Home\Controller\IntroduceController.class.php 第 39 行.
NOTIC: [8] Undefined variable: rowCount F:\wamp\www\workroom\Workroom\Home\Controller\IntroduceController.class.php 第 39 行.
NOTIC: [2] Division by zero F:\wamp\www\workroom\Workroom\Home\Controller\IntroduceController.class.php 第 39 行.
INFO: [ view_parse ] --START--
INFO: [ template_filter ] --START--
INFO: Run Behavior\ContentReplaceBehavior [ RunTime:0.000165s ]
INFO: [ template_filter ] --END-- [ RunTime:0.000336s ]
NOTIC: [8] Undefined variable: a F:\wamp\www\workroom\Workroom\Runtime\Cache\Home\7324436910f2deb17c674d6ce68fe219.php 第 52 行.
NOTIC: [8] Undefined variable: workroom_msg F:\wamp\www\workroom\Workroom\Runtime\Cache\Home\7324436910f2deb17c674d6ce68fe219.php 第 54 行.
INFO: Run Behavior\ParseTemplateBehavior [ RunTime:0.017760s ]
INFO: [ view_parse ] --END-- [ RunTime:0.017913s ]
INFO: [ view_filter ] --START--
INFO: Run Behavior\WriteHtmlCacheBehavior [ RunTime:0.000336s ]
INFO: [ view_filter ] --END-- [ RunTime:0.000465s ]
INFO: [ app_end ] --START--
INFO: Run Behavior\ShowPageTraceBehavior [ RunTime:0.000675s ]
INFO: [ app_end ] --END-- [ RunTime:0.000812s ]

[ 2015-04-15T13:09:19+08:00 ] 127.0.0.1 /workroom/index.php/Home/Introduce/index/study_find/js/introduce.json
INFO: [ app_begin ] --START--
INFO: Run Behavior\ReadHtmlCacheBehavior [ RunTime:0.002576s ]
INFO: [ app_begin ] --END-- [ RunTime:0.005336s ]
SQL: SHOW COLUMNS FROM `workroom_view_introduce` [ RunTime:0.006966s ]
SQL: SELECT * FROM `workroom_view_introduce` WHERE ( study like '%js%' )  [ RunTime:0.000979s ]
NOTIC: [2] Invalid argument supplied for foreach() F:\wamp\www\workroom\Workroom\Home\Controller\IntroduceController.class.php 第 33 行.
NOTIC: [8] Undefined variable: pageSize F:\wamp\www\workroom\Workroom\Home\Controller\IntroduceController.class.php 第 39 行.
NOTIC: [8] Undefined variable: rowCount F:\wamp\www\workroom\Workroom\Home\Controller\IntroduceController.class.php 第 39 行.
NOTIC: [2] Division by zero F:\wamp\www\workroom\Workroom\Home\Controller\IntroduceController.class.php 第 39 行.
INFO: [ view_parse ] --START--
INFO: [ template_filter ] --START--
INFO: Run Behavior\ContentReplaceBehavior [ RunTime:0.000144s ]
INFO: [ template_filter ] --END-- [ RunTime:0.000312s ]
NOTIC: [8] Undefined variable: a F:\wamp\www\workroom\Workroom\Runtime\Cache\Home\7324436910f2deb17c674d6ce68fe219.php 第 52 行.
NOTIC: [8] Undefined variable: workroom_msg F:\wamp\www\workroom\Workroom\Runtime\Cache\Home\7324436910f2deb17c674d6ce68fe219.php 第 54 行.
INFO: Run Behavior\ParseTemplateBehavior [ RunTime:0.019961s ]
INFO: [ view_parse ] --END-- [ RunTime:0.020112s ]
INFO: [ view_filter ] --START--
INFO: Run Behavior\WriteHtmlCacheBehavior [ RunTime:0.000328s ]
INFO: [ view_filter ] --END-- [ RunTime:0.000458s ]
INFO: [ app_end ] --START--
INFO: Run Behavior\ShowPageTraceBehavior [ RunTime:0.000987s ]
INFO: [ app_end ] --END-- [ RunTime:0.001274s ]

[ 2015-04-15T13:09:31+08:00 ] 127.0.0.1 /workroom/index.php/Home/Introduce/index/study_find/js/introduce.json
INFO: [ app_begin ] --START--
INFO: Run Behavior\ReadHtmlCacheBehavior [ RunTime:0.000702s ]
INFO: [ app_begin ] --END-- [ RunTime:0.001283s ]
SQL: SHOW COLUMNS FROM `workroom_view_introduce` [ RunTime:0.010231s ]
SQL: SELECT * FROM `workroom_view_introduce` WHERE ( study like '%js%' )  [ RunTime:0.001998s ]
NOTIC: [2] Invalid argument supplied for foreach() F:\wamp\www\workroom\Workroom\Home\Controller\IntroduceController.class.php 第 33 行.
NOTIC: [8] Undefined variable: pageSize F:\wamp\www\workroom\Workroom\Home\Controller\IntroduceController.class.php 第 39 行.
NOTIC: [8] Undefined variable: rowCount F:\wamp\www\workroom\Workroom\Home\Controller\IntroduceController.class.php 第 39 行.
NOTIC: [2] Division by zero F:\wamp\www\workroom\Workroom\Home\Controller\IntroduceController.class.php 第 39 行.
INFO: [ view_parse ] --START--
INFO: [ template_filter ] --START--
INFO: Run Behavior\ContentReplaceBehavior [ RunTime:0.000138s ]
INFO: [ template_filter ] --END-- [ RunTime:0.000303s ]
NOTIC: [8] Undefined variable: a F:\wamp\www\workroom\Workroom\Runtime\Cache\Home\7324436910f2deb17c674d6ce68fe219.php 第 52 行.
NOTIC: [8] Undefined variable: workroom_msg F:\wamp\www\workroom\Workroom\Runtime\Cache\Home\7324436910f2deb17c674d6ce68fe219.php 第 54 行.
INFO: Run Behavior\ParseTemplateBehavior [ RunTime:0.018410s ]
INFO: [ view_parse ] --END-- [ RunTime:0.018570s ]
INFO: [ view_filter ] --START--
INFO: Run Behavior\WriteHtmlCacheBehavior [ RunTime:0.000556s ]
INFO: [ view_filter ] --END-- [ RunTime:0.000713s ]
INFO: [ app_end ] --START--
INFO: Run Behavior\ShowPageTraceBehavior [ RunTime:0.001185s ]
INFO: [ app_end ] --END-- [ RunTime:0.001401s ]

[ 2015-04-15T13:20:09+08:00 ] 127.0.0.1 /workroom/index.php/Home/Introduce/index/study_find/js/introduce.json
INFO: [ app_begin ] --START--
INFO: Run Behavior\ReadHtmlCacheBehavior [ RunTime:0.000685s ]
INFO: [ app_begin ] --END-- [ RunTime:0.001226s ]
SQL: SHOW COLUMNS FROM `workroom_view_introduce` [ RunTime:0.011021s ]
SQL: SELECT * FROM `workroom_view_introduce` WHERE ( study like '%js%' )  [ RunTime:0.001444s ]
NOTIC: [2] Invalid argument supplied for foreach() F:\wamp\www\workroom\Workroom\Home\Controller\IntroduceController.class.php 第 33 行.
NOTIC: [8] Undefined variable: pageSize F:\wamp\www\workroom\Workroom\Home\Controller\IntroduceController.class.php 第 39 行.
NOTIC: [8] Undefined variable: rowCount F:\wamp\www\workroom\Workroom\Home\Controller\IntroduceController.class.php 第 39 行.
NOTIC: [2] Division by zero F:\wamp\www\workroom\Workroom\Home\Controller\IntroduceController.class.php 第 39 行.
INFO: [ view_parse ] --START--
INFO: [ template_filter ] --START--
INFO: Run Behavior\ContentReplaceBehavior [ RunTime:0.000146s ]
INFO: [ template_filter ] --END-- [ RunTime:0.000312s ]
NOTIC: [8] Undefined variable: a F:\wamp\www\workroom\Workroom\Runtime\Cache\Home\7324436910f2deb17c674d6ce68fe219.php 第 52 行.
NOTIC: [8] Undefined variable: workroom_msg F:\wamp\www\workroom\Workroom\Runtime\Cache\Home\7324436910f2deb17c674d6ce68fe219.php 第 54 行.
INFO: Run Behavior\ParseTemplateBehavior [ RunTime:0.017652s ]
INFO: [ view_parse ] --END-- [ RunTime:0.017812s ]
INFO: [ view_filter ] --START--
INFO: Run Behavior\WriteHtmlCacheBehavior [ RunTime:0.000621s ]
INFO: [ view_filter ] --END-- [ RunTime:0.000766s ]
INFO: [ app_end ] --START--
INFO: Run Behavior\ShowPageTraceBehavior [ RunTime:0.000977s ]
INFO: [ app_end ] --END-- [ RunTime:0.001236s ]

[ 2015-04-15T13:20:09+08:00 ] 127.0.0.1 /workroom/index.php/Home/Introduce/index/study_find/js/introduce.json
INFO: [ app_begin ] --START--
INFO: Run Behavior\ReadHtmlCacheBehavior [ RunTime:0.000631s ]
INFO: [ app_begin ] --END-- [ RunTime:0.001291s ]
SQL: SHOW COLUMNS FROM `workroom_view_introduce` [ RunTime:0.008823s ]
SQL: SELECT * FROM `workroom_view_introduce` WHERE ( study like '%js%' )  [ RunTime:0.001494s ]
NOTIC: [2] Invalid argument supplied for foreach() F:\wamp\www\workroom\Workroom\Home\Controller\IntroduceController.class.php 第 33 行.
NOTIC: [8] Undefined variable: pageSize F:\wamp\www\workroom\Workroom\Home\Controller\IntroduceController.class.php 第 39 行.
NOTIC: [8] Undefined variable: rowCount F:\wamp\www\workroom\Workroom\Home\Controller\IntroduceController.class.php 第 39 行.
NOTIC: [2] Division by zero F:\wamp\www\workroom\Workroom\Home\Controller\IntroduceController.class.php 第 39 行.
INFO: [ view_parse ] --START--
INFO: [ template_filter ] --START--
INFO: Run Behavior\ContentReplaceBehavior [ RunTime:0.000263s ]
INFO: [ template_filter ] --END-- [ RunTime:0.000632s ]
NOTIC: [8] Undefined variable: a F:\wamp\www\workroom\Workroom\Runtime\Cache\Home\7324436910f2deb17c674d6ce68fe219.php 第 52 行.
NOTIC: [8] Undefined variable: workroom_msg F:\wamp\www\workroom\Workroom\Runtime\Cache\Home\7324436910f2deb17c674d6ce68fe219.php 第 54 行.
INFO: Run Behavior\ParseTemplateBehavior [ RunTime:0.018501s ]
INFO: [ view_parse ] --END-- [ RunTime:0.018653s ]
INFO: [ view_filter ] --START--
INFO: Run Behavior\WriteHtmlCacheBehavior [ RunTime:0.000333s ]
INFO: [ view_filter ] --END-- [ RunTime:0.000463s ]
INFO: [ app_end ] --START--
INFO: Run Behavior\ShowPageTraceBehavior [ RunTime:0.000647s ]
INFO: [ app_end ] --END-- [ RunTime:0.000780s ]

